[2015-05-01 03:56:22,922][WARN ][cluster.routing.allocation.decider] [elasticsearch.domain.com] high disk watermark [10%] exceeded on [9TtVfBZhRxaxEAAV1tw57A][elasticsearch.domain.com] free: 29.6gb[6.3%], shards will be relocated away from this node
[2015-05-01 03:56:22,926][INFO ][cluster.routing.allocation.decider] [elasticsearch.domain.com] high disk watermark exceeded on one or more nodes, rerouting shards
[2015-05-01 03:56:52,879][WARN ][cluster.routing.allocation.decider] [elasticsearch.domain.com] high disk watermark [10%] exceeded on [9TtVfBZhRxaxEAAV1tw57A][elasticsearch.domain.com] free: 29.6gb[6.3%], shards will be relocated away from this node
[2015-05-01 03:57:22,864][WARN ][cluster.routing.allocation.decider] [elasticsearch.domain.com] high disk watermark [10%] exceeded on [9TtVfBZhRxaxEAAV1tw57A][elasticsearch.domain.com] free: 29.6gb[6.3%], shards will be relocated away from this node
[2015-05-01 03:57:52,890][WARN ][cluster.routing.allocation.decider] [elasticsearch.domain.com] high disk watermark [10%] exceeded on [9TtVfBZhRxaxEAAV1tw57A][elasticsearch.domain.com] free: 29.6gb[6.3%], shards will be relocated away from this node
[2015-05-01 03:57:52,892][INFO ][cluster.routing.allocation.decider] [elasticsearch.domain.com] high disk watermark exceeded on one or more nodes, rerouting shards
[2015-05-01 03:58:23,033][WARN ][cluster.routing.allocation.decider] [elasticsearch.domain.com] high disk watermark [10%] exceeded on [9TtVfBZhRxaxEAAV1tw57A][elasticsearch.domain.com] free: 29.6gb[6.3%], shards will be relocated away from this node
[2015-05-01 03:58:52,885][WARN ][cluster.routing.allocation.decider] [elasticsearch.domain.com] high disk watermark [10%] exceeded on [9TtVfBZhRxaxEAAV1tw57A][elasticsearch.domain.com] free: 29.6gb[6.3%], shards will be relocated away from this node
[2015-05-01 03:59:23,191][WARN ][cluster.routing.allocation.decider] [elasticsearch.domain.com] high disk watermark [10%] exceeded on [9TtVfBZhRxaxEAAV1tw57A][elasticsearch.domain.com] free: 29.6gb[6.3%], shards will be relocated away from this node
[2015-05-01 03:59:23,192][INFO ][cluster.routing.allocation.decider] [elasticsearch.domain.com] high disk watermark exceeded on one or more nodes, rerouting shards
[2015-05-01 03:59:35,274][INFO ][node                     ] [elasticsearch.domain.com] stopping ...
[2015-05-01 03:59:36,002][INFO ][node                     ] [elasticsearch.domain.com] stopped
[2015-05-01 03:59:36,004][INFO ][node                     ] [elasticsearch.domain.com] closing ...
[2015-05-01 03:59:36,026][INFO ][node                     ] [elasticsearch.domain.com] closed
[2015-05-01 03:59:37,599][INFO ][node                     ] [elasticsearch.domain.com] version[1.5.2], pid[1], build[62ff986/2015-04-27T09:21:06Z]
[2015-05-01 03:59:37,600][INFO ][node                     ] [elasticsearch.domain.com] initializing ...
[2015-05-01 03:59:37,613][INFO ][plugins                  ] [elasticsearch.domain.com] loaded [], sites []
[2015-05-01 03:59:41,739][INFO ][node                     ] [elasticsearch.domain.com] initialized
[2015-05-01 03:59:41,741][INFO ][node                     ] [elasticsearch.domain.com] starting ...
[2015-05-01 03:59:42,092][INFO ][transport                ] [elasticsearch.domain.com] bound_address {inet[/0:0:0:0:0:0:0:0:9300]}, publish_address {inet[/172.17.0.184:9300]}
[2015-05-01 03:59:42,133][INFO ][discovery                ] [elasticsearch.domain.com] elasticsearch/srT7eblYT1CnyyuJpIuYMw
[2015-05-01 03:59:45,931][INFO ][cluster.service          ] [elasticsearch.domain.com] new_master [elasticsearch.domain.com][srT7eblYT1CnyyuJpIuYMw][033b193a6b51][inet[/172.17.0.184:9300]], reason: zen-disco-join (elected_as_master)
[2015-05-01 03:59:46,081][INFO ][http                     ] [elasticsearch.domain.com] bound_address {inet[/0:0:0:0:0:0:0:0:9200]}, publish_address {inet[/172.17.0.184:9200]}
[2015-05-01 03:59:46,082][INFO ][node                     ] [elasticsearch.domain.com] started
[2015-05-01 03:59:48,907][INFO ][gateway                  ] [elasticsearch.domain.com] recovered [2] indices into cluster_state
[2015-05-01 04:00:16,732][WARN ][cluster.routing.allocation.decider] [elasticsearch.domain.com] high disk watermark [10%] exceeded on [srT7eblYT1CnyyuJpIuYMw][elasticsearch.domain.com] free: 29.6gb[6.3%], shards will be relocated away from this node
[2015-05-01 04:00:16,733][INFO ][cluster.routing.allocation.decider] [elasticsearch.domain.com] high disk watermark exceeded on one or more nodes, rerouting shards
[2015-05-01 04:00:21,947][INFO ][cluster.service          ] [elasticsearch.domain.com] added {[logstash-1cd4f168133f-1-2010][3NqVG5BqS7yNihouYFAIVw][1cd4f168133f][inet[/172.17.0.189:9300]]{client=true, data=false},}, reason: zen-disco-receive(join from node[[logstash-1cd4f168133f-1-2010][3NqVG5BqS7yNihouYFAIVw][1cd4f168133f][inet[/172.17.0.189:9300]]{client=true, data=false}])
[2015-05-01 04:00:24,248][INFO ][cluster.metadata         ] [elasticsearch.domain.com] [logstash-2015.05.01] creating index, cause [auto(bulk api)], templates [logstash], shards [5]/[1], mappings [_default_]
[2015-05-01 04:00:46,582][WARN ][cluster.routing.allocation.decider] [elasticsearch.domain.com] high disk watermark [10%] exceeded on [srT7eblYT1CnyyuJpIuYMw][elasticsearch.domain.com] free: 29.6gb[6.3%], shards will be relocated away from this node
[2015-05-01 04:01:16,309][WARN ][cluster.routing.allocation.decider] [elasticsearch.domain.com] high disk watermark [10%] exceeded on [srT7eblYT1CnyyuJpIuYMw][elasticsearch.domain.com] free: 29.6gb[6.3%], shards will be relocated away from this node
[2015-05-01 04:01:45,948][WARN ][cluster.routing.allocation.decider] [elasticsearch.domain.com] high disk watermark [10%] exceeded on [srT7eblYT1CnyyuJpIuYMw][elasticsearch.domain.com] free: 29.6gb[6.3%], shards will be relocated away from this node
[2015-05-01 04:01:45,949][INFO ][cluster.routing.allocation.decider] [elasticsearch.domain.com] high disk watermark exceeded on one or more nodes, rerouting shards
[2015-05-01 04:02:16,282][WARN ][cluster.routing.allocation.decider] [elasticsearch.domain.com] high disk watermark [10%] exceeded on [srT7eblYT1CnyyuJpIuYMw][elasticsearch.domain.com] free: 29.6gb[6.3%], shards will be relocated away from this node
[2015-05-01 04:02:46,227][WARN ][cluster.routing.allocation.decider] [elasticsearch.domain.com] high disk watermark [10%] exceeded on [srT7eblYT1CnyyuJpIuYMw][elasticsearch.domain.com] free: 29.6gb[6.3%], shards will be relocated away from this node
[2015-05-01 04:02:46,228][INFO ][cluster.routing.allocation.decider] [elasticsearch.domain.com] high disk watermark exceeded on one or more nodes, rerouting shards
[2015-05-01 04:03:00,141][INFO ][cluster.service          ] [elasticsearch.domain.com] removed {[logstash-1cd4f168133f-1-2010][3NqVG5BqS7yNihouYFAIVw][1cd4f168133f][inet[/172.17.0.189:9300]]{client=true, data=false},}, reason: zen-disco-node_failed([logstash-1cd4f168133f-1-2010][3NqVG5BqS7yNihouYFAIVw][1cd4f168133f][inet[/172.17.0.189:9300]]{client=true, data=false}), reason transport disconnected
[2015-05-01 04:03:34,443][INFO ][node                     ] [elasticsearch.domain.com] version[1.5.2], pid[1], build[62ff986/2015-04-27T09:21:06Z]
[2015-05-01 04:03:34,444][INFO ][node                     ] [elasticsearch.domain.com] initializing ...
[2015-05-01 04:03:34,460][INFO ][plugins                  ] [elasticsearch.domain.com] loaded [], sites []
[2015-05-01 04:03:38,716][INFO ][node                     ] [elasticsearch.domain.com] initialized
[2015-05-01 04:03:38,717][INFO ][node                     ] [elasticsearch.domain.com] starting ...
[2015-05-01 04:03:39,089][INFO ][transport                ] [elasticsearch.domain.com] bound_address {inet[/0:0:0:0:0:0:0:0:9300]}, publish_address {inet[/172.17.0.192:9300]}
[2015-05-01 04:03:39,142][INFO ][discovery                ] [elasticsearch.domain.com] elasticsearch/-2PIU8bxQF-fjnQErkHEoA
[2015-05-01 04:03:42,948][INFO ][cluster.service          ] [elasticsearch.domain.com] new_master [elasticsearch.domain.com][-2PIU8bxQF-fjnQErkHEoA][1b86857865e7][inet[/172.17.0.192:9300]], reason: zen-disco-join (elected_as_master)
[2015-05-01 04:03:43,268][INFO ][http                     ] [elasticsearch.domain.com] bound_address {inet[/0:0:0:0:0:0:0:0:9200]}, publish_address {inet[/172.17.0.192:9200]}
[2015-05-01 04:03:43,286][INFO ][node                     ] [elasticsearch.domain.com] started
[2015-05-01 04:03:49,080][INFO ][gateway                  ] [elasticsearch.domain.com] recovered [3] indices into cluster_state
[2015-05-01 04:04:14,129][WARN ][cluster.routing.allocation.decider] [elasticsearch.domain.com] high disk watermark [10%] exceeded on [-2PIU8bxQF-fjnQErkHEoA][elasticsearch.domain.com] free: 29.6gb[6.3%], shards will be relocated away from this node
[2015-05-01 04:04:14,130][INFO ][cluster.routing.allocation.decider] [elasticsearch.domain.com] high disk watermark exceeded on one or more nodes, rerouting shards
[2015-05-01 04:04:15,731][INFO ][cluster.service          ] [elasticsearch.domain.com] added {[logstash-55be1660645c-1-2010][4lnL9XDxSemuCizEKImKnQ][55be1660645c][inet[/172.17.0.202:9300]]{client=true, data=false},}, reason: zen-disco-receive(join from node[[logstash-55be1660645c-1-2010][4lnL9XDxSemuCizEKImKnQ][55be1660645c][inet[/172.17.0.202:9300]]{client=true, data=false}])
[2015-05-01 04:04:17,584][INFO ][cluster.metadata         ] [elasticsearch.domain.com] [logstash-2015.05.01] update_mapping [log] (dynamic)
[2015-05-01 04:04:19,175][INFO ][cluster.metadata         ] [elasticsearch.domain.com] [logstash-2015.05.01] update_mapping [log4j] (dynamic)
[2015-05-01 04:04:21,889][INFO ][cluster.metadata         ] [elasticsearch.domain.com] [logstash-2015.05.01] update_mapping [log4j] (dynamic)
[2015-05-01 04:04:44,666][WARN ][cluster.routing.allocation.decider] [elasticsearch.domain.com] high disk watermark [10%] exceeded on [-2PIU8bxQF-fjnQErkHEoA][elasticsearch.domain.com] free: 29.6gb[6.3%], shards will be relocated away from this node
[2015-05-01 04:05:17,771][WARN ][cluster.routing.allocation.decider] [elasticsearch.domain.com] high disk watermark [10%] exceeded on [-2PIU8bxQF-fjnQErkHEoA][elasticsearch.domain.com] free: 29.6gb[6.3%], shards will be relocated away from this node
[2015-05-01 04:05:17,772][INFO ][cluster.routing.allocation.decider] [elasticsearch.domain.com] high disk watermark exceeded on one or more nodes, rerouting shards
[2015-05-01 04:05:43,946][WARN ][cluster.routing.allocation.decider] [elasticsearch.domain.com] high disk watermark [10%] exceeded on [-2PIU8bxQF-fjnQErkHEoA][elasticsearch.domain.com] free: 29.6gb[6.3%], shards will be relocated away from this node
[2015-05-01 04:06:13,793][WARN ][cluster.routing.allocation.decider] [elasticsearch.domain.com] high disk watermark [10%] exceeded on [-2PIU8bxQF-fjnQErkHEoA][elasticsearch.domain.com] free: 29.6gb[6.3%], shards will be relocated away from this node
[2015-05-01 04:06:43,762][WARN ][cluster.routing.allocation.decider] [elasticsearch.domain.com] high disk watermark [10%] exceeded on [-2PIU8bxQF-fjnQErkHEoA][elasticsearch.domain.com] free: 29.6gb[6.3%], shards will be relocated away from this node
[2015-05-01 04:06:43,762][INFO ][cluster.routing.allocation.decider] [elasticsearch.domain.com] high disk watermark exceeded on one or more nodes, rerouting shards
[2015-05-01 04:07:13,773][WARN ][cluster.routing.allocation.decider] [elasticsearch.domain.com] high disk watermark [10%] exceeded on [-2PIU8bxQF-fjnQErkHEoA][elasticsearch.domain.com] free: 29.6gb[6.3%], shards will be relocated away from this node
[2015-05-01 04:07:43,920][WARN ][cluster.routing.allocation.decider] [elasticsearch.domain.com] high disk watermark [10%] exceeded on [-2PIU8bxQF-fjnQErkHEoA][elasticsearch.domain.com] free: 29.8gb[6.4%], shards will be relocated away from this node
[2015-05-01 04:07:43,920][INFO ][cluster.routing.allocation.decider] [elasticsearch.domain.com] high disk watermark exceeded on one or more nodes, rerouting shards
[2015-05-01 04:08:13,760][WARN ][cluster.routing.allocation.decider] [elasticsearch.domain.com] high disk watermark [10%] exceeded on [-2PIU8bxQF-fjnQErkHEoA][elasticsearch.domain.com] free: 29.8gb[6.4%], shards will be relocated away from this node
[2015-05-01 04:08:45,067][WARN ][cluster.routing.allocation.decider] [elasticsearch.domain.com] high disk watermark [10%] exceeded on [-2PIU8bxQF-fjnQErkHEoA][elasticsearch.domain.com] free: 29.8gb[6.4%], shards will be relocated away from this node
[2015-05-01 04:08:45,068][INFO ][cluster.routing.allocation.decider] [elasticsearch.domain.com] high disk watermark exceeded on one or more nodes, rerouting shards
[2015-05-01 04:09:13,794][WARN ][cluster.routing.allocation.decider] [elasticsearch.domain.com] high disk watermark [10%] exceeded on [-2PIU8bxQF-fjnQErkHEoA][elasticsearch.domain.com] free: 29.8gb[6.4%], shards will be relocated away from this node
[2015-05-01 04:09:43,743][WARN ][cluster.routing.allocation.decider] [elasticsearch.domain.com] high disk watermark [10%] exceeded on [-2PIU8bxQF-fjnQErkHEoA][elasticsearch.domain.com] free: 29.8gb[6.4%], shards will be relocated away from this node
[2015-05-01 04:10:13,632][WARN ][cluster.routing.allocation.decider] [elasticsearch.domain.com] high disk watermark [10%] exceeded on [-2PIU8bxQF-fjnQErkHEoA][elasticsearch.domain.com] free: 29.8gb[6.4%], shards will be relocated away from this node
[2015-05-01 04:10:13,632][INFO ][cluster.routing.allocation.decider] [elasticsearch.domain.com] high disk watermark exceeded on one or more nodes, rerouting shards
[2015-05-01 04:10:43,652][WARN ][cluster.routing.allocation.decider] [elasticsearch.domain.com] high disk watermark [10%] exceeded on [-2PIU8bxQF-fjnQErkHEoA][elasticsearch.domain.com] free: 29.8gb[6.4%], shards will be relocated away from this node
[2015-05-01 04:11:13,870][WARN ][cluster.routing.allocation.decider] [elasticsearch.domain.com] high disk watermark [10%] exceeded on [-2PIU8bxQF-fjnQErkHEoA][elasticsearch.domain.com] free: 29.8gb[6.4%], shards will be relocated away from this node
[2015-05-01 04:11:13,870][INFO ][cluster.routing.allocation.decider] [elasticsearch.domain.com] high disk watermark exceeded on one or more nodes, rerouting shards
[2015-05-01 04:11:43,657][WARN ][cluster.routing.allocation.decider] [elasticsearch.domain.com] high disk watermark [10%] exceeded on [-2PIU8bxQF-fjnQErkHEoA][elasticsearch.domain.com] free: 29.8gb[6.4%], shards will be relocated away from this node
[2015-05-01 04:12:13,671][WARN ][cluster.routing.allocation.decider] [elasticsearch.domain.com] high disk watermark [10%] exceeded on [-2PIU8bxQF-fjnQErkHEoA][elasticsearch.domain.com] free: 29.8gb[6.4%], shards will be relocated away from this node
[2015-05-01 04:12:43,635][WARN ][cluster.routing.allocation.decider] [elasticsearch.domain.com] high disk watermark [10%] exceeded on [-2PIU8bxQF-fjnQErkHEoA][elasticsearch.domain.com] free: 29.8gb[6.4%], shards will be relocated away from this node
[2015-05-01 04:12:43,636][INFO ][cluster.routing.allocation.decider] [elasticsearch.domain.com] high disk watermark exceeded on one or more nodes, rerouting shards
[2015-05-01 04:13:13,696][WARN ][cluster.routing.allocation.decider] [elasticsearch.domain.com] high disk watermark [10%] exceeded on [-2PIU8bxQF-fjnQErkHEoA][elasticsearch.domain.com] free: 29.8gb[6.4%], shards will be relocated away from this node
[2015-05-01 04:13:43,719][WARN ][cluster.routing.allocation.decider] [elasticsearch.domain.com] high disk watermark [10%] exceeded on [-2PIU8bxQF-fjnQErkHEoA][elasticsearch.domain.com] free: 29.8gb[6.4%], shards will be relocated away from this node
[2015-05-01 04:13:43,721][INFO ][cluster.routing.allocation.decider] [elasticsearch.domain.com] high disk watermark exceeded on one or more nodes, rerouting shards
[2015-05-01 04:14:13,693][WARN ][cluster.routing.allocation.decider] [elasticsearch.domain.com] high disk watermark [10%] exceeded on [-2PIU8bxQF-fjnQErkHEoA][elasticsearch.domain.com] free: 29.8gb[6.4%], shards will be relocated away from this node
[2015-05-01 04:14:43,888][WARN ][cluster.routing.allocation.decider] [elasticsearch.domain.com] high disk watermark [10%] exceeded on [-2PIU8bxQF-fjnQErkHEoA][elasticsearch.domain.com] free: 29.8gb[6.4%], shards will be relocated away from this node
[2015-05-01 04:14:43,890][INFO ][cluster.routing.allocation.decider] [elasticsearch.domain.com] high disk watermark exceeded on one or more nodes, rerouting shards
[2015-05-01 04:15:14,024][WARN ][cluster.routing.allocation.decider] [elasticsearch.domain.com] high disk watermark [10%] exceeded on [-2PIU8bxQF-fjnQErkHEoA][elasticsearch.domain.com] free: 29.8gb[6.4%], shards will be relocated away from this node
[2015-05-01 04:15:43,831][WARN ][cluster.routing.allocation.decider] [elasticsearch.domain.com] high disk watermark [10%] exceeded on [-2PIU8bxQF-fjnQErkHEoA][elasticsearch.domain.com] free: 29.2gb[6.2%], shards will be relocated away from this node
[2015-05-01 04:16:13,914][WARN ][cluster.routing.allocation.decider] [elasticsearch.domain.com] high disk watermark [10%] exceeded on [-2PIU8bxQF-fjnQErkHEoA][elasticsearch.domain.com] free: 29.6gb[6.3%], shards will be relocated away from this node
[2015-05-01 04:16:13,916][INFO ][cluster.routing.allocation.decider] [elasticsearch.domain.com] high disk watermark exceeded on one or more nodes, rerouting shards
[2015-05-01 04:16:43,995][WARN ][cluster.routing.allocation.decider] [elasticsearch.domain.com] high disk watermark [10%] exceeded on [-2PIU8bxQF-fjnQErkHEoA][elasticsearch.domain.com] free: 29.6gb[6.3%], shards will be relocated away from this node
[2015-05-01 04:17:13,911][WARN ][cluster.routing.allocation.decider] [elasticsearch.domain.com] high disk watermark [10%] exceeded on [-2PIU8bxQF-fjnQErkHEoA][elasticsearch.domain.com] free: 29.6gb[6.3%], shards will be relocated away from this node
[2015-05-01 04:17:43,638][WARN ][cluster.routing.allocation.decider] [elasticsearch.domain.com] high disk watermark [10%] exceeded on [-2PIU8bxQF-fjnQErkHEoA][elasticsearch.domain.com] free: 29.6gb[6.3%], shards will be relocated away from this node
[2015-05-01 04:17:43,639][INFO ][cluster.routing.allocation.decider] [elasticsearch.domain.com] high disk watermark exceeded on one or more nodes, rerouting shards
[2015-05-01 04:18:13,652][WARN ][cluster.routing.allocation.decider] [elasticsearch.domain.com] high disk watermark [10%] exceeded on [-2PIU8bxQF-fjnQErkHEoA][elasticsearch.domain.com] free: 29.6gb[6.3%], shards will be relocated away from this node
[2015-05-01 04:18:43,736][WARN ][cluster.routing.allocation.decider] [elasticsearch.domain.com] high disk watermark [10%] exceeded on [-2PIU8bxQF-fjnQErkHEoA][elasticsearch.domain.com] free: 29.6gb[6.3%], shards will be relocated away from this node
[2015-05-01 04:18:43,742][INFO ][cluster.routing.allocation.decider] [elasticsearch.domain.com] high disk watermark exceeded on one or more nodes, rerouting shards
[2015-05-01 04:19:13,703][WARN ][cluster.routing.allocation.decider] [elasticsearch.domain.com] high disk watermark [10%] exceeded on [-2PIU8bxQF-fjnQErkHEoA][elasticsearch.domain.com] free: 29.6gb[6.3%], shards will be relocated away from this node
[2015-05-01 04:19:43,720][WARN ][cluster.routing.allocation.decider] [elasticsearch.domain.com] high disk watermark [10%] exceeded on [-2PIU8bxQF-fjnQErkHEoA][elasticsearch.domain.com] free: 29.6gb[6.3%], shards will be relocated away from this node
[2015-05-01 04:19:53,155][INFO ][cluster.service          ] [elasticsearch.domain.com] removed {[logstash-55be1660645c-1-2010][4lnL9XDxSemuCizEKImKnQ][55be1660645c][inet[/172.17.0.202:9300]]{client=true, data=false},}, reason: zen-disco-node_failed([logstash-55be1660645c-1-2010][4lnL9XDxSemuCizEKImKnQ][55be1660645c][inet[/172.17.0.202:9300]]{client=true, data=false}), reason transport disconnected
[2015-05-01 04:20:04,889][INFO ][node                     ] [elasticsearch.domain.com] stopping ...
[2015-05-01 04:20:06,649][INFO ][node                     ] [elasticsearch.domain.com] stopped
[2015-05-01 04:20:06,651][INFO ][node                     ] [elasticsearch.domain.com] closing ...
[2015-05-01 04:20:06,670][INFO ][node                     ] [elasticsearch.domain.com] closed
[2015-05-01 04:25:13,502][INFO ][node                     ] [elasticsearch.domain.com] version[1.5.2], pid[1], build[62ff986/2015-04-27T09:21:06Z]
[2015-05-01 04:25:13,505][INFO ][node                     ] [elasticsearch.domain.com] initializing ...
[2015-05-01 04:25:13,533][INFO ][plugins                  ] [elasticsearch.domain.com] loaded [], sites []
[2015-05-01 04:25:25,489][INFO ][node                     ] [elasticsearch.domain.com] initialized
[2015-05-01 04:25:25,495][INFO ][node                     ] [elasticsearch.domain.com] starting ...
[2015-05-01 04:25:26,414][INFO ][transport                ] [elasticsearch.domain.com] bound_address {inet[/0:0:0:0:0:0:0:0:9300]}, publish_address {inet[/172.17.0.206:9300]}
[2015-05-01 04:25:26,555][INFO ][discovery                ] [elasticsearch.domain.com] elasticsearch/J2ijfzGrQYGuE4wLebF1iw
[2015-05-01 04:25:30,491][INFO ][cluster.service          ] [elasticsearch.domain.com] new_master [elasticsearch.domain.com][J2ijfzGrQYGuE4wLebF1iw][5835870895cd][inet[/172.17.0.206:9300]], reason: zen-disco-join (elected_as_master)
[2015-05-01 04:25:30,785][INFO ][http                     ] [elasticsearch.domain.com] bound_address {inet[/0:0:0:0:0:0:0:0:9200]}, publish_address {inet[/172.17.0.206:9200]}
[2015-05-01 04:25:30,789][INFO ][node                     ] [elasticsearch.domain.com] started
[2015-05-01 04:25:37,768][INFO ][gateway                  ] [elasticsearch.domain.com] recovered [3] indices into cluster_state
[2015-05-01 04:26:01,412][WARN ][cluster.routing.allocation.decider] [elasticsearch.domain.com] high disk watermark [10%] exceeded on [J2ijfzGrQYGuE4wLebF1iw][elasticsearch.domain.com] free: 28.6gb[6.1%], shards will be relocated away from this node
[2015-05-01 04:26:01,420][INFO ][cluster.routing.allocation.decider] [elasticsearch.domain.com] high disk watermark exceeded on one or more nodes, rerouting shards
[2015-05-01 04:26:13,819][INFO ][cluster.service          ] [elasticsearch.domain.com] added {[logstash-8863ecbb442d-1-2010][94uOOw1uT6mBRoSuGdnB8Q][8863ecbb442d][inet[/172.17.0.216:9300]]{client=true, data=false},}, reason: zen-disco-receive(join from node[[logstash-8863ecbb442d-1-2010][94uOOw1uT6mBRoSuGdnB8Q][8863ecbb442d][inet[/172.17.0.216:9300]]{client=true, data=false}])
[2015-05-01 04:26:31,534][WARN ][cluster.routing.allocation.decider] [elasticsearch.domain.com] high disk watermark [10%] exceeded on [J2ijfzGrQYGuE4wLebF1iw][elasticsearch.domain.com] free: 28.6gb[6.1%], shards will be relocated away from this node
[2015-05-01 04:27:02,100][WARN ][cluster.routing.allocation.decider] [elasticsearch.domain.com] high disk watermark [10%] exceeded on [J2ijfzGrQYGuE4wLebF1iw][elasticsearch.domain.com] free: 28.6gb[6.1%], shards will be relocated away from this node
[2015-05-01 04:27:02,102][INFO ][cluster.routing.allocation.decider] [elasticsearch.domain.com] high disk watermark exceeded on one or more nodes, rerouting shards
[2015-05-01 04:27:31,180][WARN ][cluster.routing.allocation.decider] [elasticsearch.domain.com] high disk watermark [10%] exceeded on [J2ijfzGrQYGuE4wLebF1iw][elasticsearch.domain.com] free: 28.6gb[6.1%], shards will be relocated away from this node
[2015-05-01 04:28:00,530][WARN ][cluster.routing.allocation.decider] [elasticsearch.domain.com] high disk watermark [10%] exceeded on [J2ijfzGrQYGuE4wLebF1iw][elasticsearch.domain.com] free: 28.6gb[6.1%], shards will be relocated away from this node
[2015-05-01 04:28:30,563][WARN ][cluster.routing.allocation.decider] [elasticsearch.domain.com] high disk watermark [10%] exceeded on [J2ijfzGrQYGuE4wLebF1iw][elasticsearch.domain.com] free: 28.6gb[6.1%], shards will be relocated away from this node
[2015-05-01 04:28:30,564][INFO ][cluster.routing.allocation.decider] [elasticsearch.domain.com] high disk watermark exceeded on one or more nodes, rerouting shards
[2015-05-01 04:29:00,539][WARN ][cluster.routing.allocation.decider] [elasticsearch.domain.com] high disk watermark [10%] exceeded on [J2ijfzGrQYGuE4wLebF1iw][elasticsearch.domain.com] free: 28.6gb[6.1%], shards will be relocated away from this node
[2015-05-01 04:29:32,136][WARN ][cluster.routing.allocation.decider] [elasticsearch.domain.com] high disk watermark [10%] exceeded on [J2ijfzGrQYGuE4wLebF1iw][elasticsearch.domain.com] free: 28.6gb[6.1%], shards will be relocated away from this node
[2015-05-01 04:29:32,139][INFO ][cluster.routing.allocation.decider] [elasticsearch.domain.com] high disk watermark exceeded on one or more nodes, rerouting shards
[2015-05-01 04:30:02,332][WARN ][cluster.routing.allocation.decider] [elasticsearch.domain.com] high disk watermark [10%] exceeded on [J2ijfzGrQYGuE4wLebF1iw][elasticsearch.domain.com] free: 28.6gb[6.1%], shards will be relocated away from this node
[2015-05-01 04:30:32,066][WARN ][cluster.routing.allocation.decider] [elasticsearch.domain.com] high disk watermark [10%] exceeded on [J2ijfzGrQYGuE4wLebF1iw][elasticsearch.domain.com] free: 28.6gb[6.1%], shards will be relocated away from this node
[2015-05-01 04:31:02,622][WARN ][cluster.routing.allocation.decider] [elasticsearch.domain.com] high disk watermark [10%] exceeded on [J2ijfzGrQYGuE4wLebF1iw][elasticsearch.domain.com] free: 28.6gb[6.1%], shards will be relocated away from this node
[2015-05-01 04:31:02,623][INFO ][cluster.routing.allocation.decider] [elasticsearch.domain.com] high disk watermark exceeded on one or more nodes, rerouting shards
[2015-05-01 04:31:31,809][WARN ][cluster.routing.allocation.decider] [elasticsearch.domain.com] high disk watermark [10%] exceeded on [J2ijfzGrQYGuE4wLebF1iw][elasticsearch.domain.com] free: 28.6gb[6.1%], shards will be relocated away from this node
[2015-05-01 04:32:01,885][WARN ][cluster.routing.allocation.decider] [elasticsearch.domain.com] high disk watermark [10%] exceeded on [J2ijfzGrQYGuE4wLebF1iw][elasticsearch.domain.com] free: 28.6gb[6.1%], shards will be relocated away from this node
[2015-05-01 04:32:31,968][WARN ][cluster.routing.allocation.decider] [elasticsearch.domain.com] high disk watermark [10%] exceeded on [J2ijfzGrQYGuE4wLebF1iw][elasticsearch.domain.com] free: 28.6gb[6.1%], shards will be relocated away from this node
[2015-05-01 04:32:31,970][INFO ][cluster.routing.allocation.decider] [elasticsearch.domain.com] high disk watermark exceeded on one or more nodes, rerouting shards
[2015-05-01 04:33:01,761][WARN ][cluster.routing.allocation.decider] [elasticsearch.domain.com] high disk watermark [10%] exceeded on [J2ijfzGrQYGuE4wLebF1iw][elasticsearch.domain.com] free: 28.6gb[6.1%], shards will be relocated away from this node
[2015-05-01 11:50:58,901][WARN ][cluster.routing.allocation.decider] [elasticsearch.domain.com] high disk watermark [10%] exceeded on [J2ijfzGrQYGuE4wLebF1iw][elasticsearch.domain.com] free: 28.6gb[6.1%], shards will be relocated away from this node
[2015-05-01 11:50:58,902][INFO ][cluster.routing.allocation.decider] [elasticsearch.domain.com] high disk watermark exceeded on one or more nodes, rerouting shards
[2015-05-01 11:51:28,792][WARN ][cluster.routing.allocation.decider] [elasticsearch.domain.com] high disk watermark [10%] exceeded on [J2ijfzGrQYGuE4wLebF1iw][elasticsearch.domain.com] free: 28.6gb[6.1%], shards will be relocated away from this node
[2015-05-01 11:51:58,692][WARN ][cluster.routing.allocation.decider] [elasticsearch.domain.com] high disk watermark [10%] exceeded on [J2ijfzGrQYGuE4wLebF1iw][elasticsearch.domain.com] free: 28.6gb[6.1%], shards will be relocated away from this node
[2015-05-01 11:52:28,761][WARN ][cluster.routing.allocation.decider] [elasticsearch.domain.com] high disk watermark [10%] exceeded on [J2ijfzGrQYGuE4wLebF1iw][elasticsearch.domain.com] free: 28.6gb[6.1%], shards will be relocated away from this node
[2015-05-01 11:52:28,761][INFO ][cluster.routing.allocation.decider] [elasticsearch.domain.com] high disk watermark exceeded on one or more nodes, rerouting shards
[2015-05-01 11:52:58,775][WARN ][cluster.routing.allocation.decider] [elasticsearch.domain.com] high disk watermark [10%] exceeded on [J2ijfzGrQYGuE4wLebF1iw][elasticsearch.domain.com] free: 28.6gb[6.1%], shards will be relocated away from this node
[2015-05-01 11:53:28,941][WARN ][cluster.routing.allocation.decider] [elasticsearch.domain.com] high disk watermark [10%] exceeded on [J2ijfzGrQYGuE4wLebF1iw][elasticsearch.domain.com] free: 28.6gb[6.1%], shards will be relocated away from this node
[2015-05-01 11:53:28,942][INFO ][cluster.routing.allocation.decider] [elasticsearch.domain.com] high disk watermark exceeded on one or more nodes, rerouting shards
[2015-05-01 11:53:58,648][WARN ][cluster.routing.allocation.decider] [elasticsearch.domain.com] high disk watermark [10%] exceeded on [J2ijfzGrQYGuE4wLebF1iw][elasticsearch.domain.com] free: 28.6gb[6.1%], shards will be relocated away from this node
[2015-05-01 11:54:28,781][WARN ][cluster.routing.allocation.decider] [elasticsearch.domain.com] high disk watermark [10%] exceeded on [J2ijfzGrQYGuE4wLebF1iw][elasticsearch.domain.com] free: 28.6gb[6.1%], shards will be relocated away from this node
[2015-05-01 11:54:58,699][WARN ][cluster.routing.allocation.decider] [elasticsearch.domain.com] high disk watermark [10%] exceeded on [J2ijfzGrQYGuE4wLebF1iw][elasticsearch.domain.com] free: 28.6gb[6.1%], shards will be relocated away from this node
[2015-05-01 11:54:58,701][INFO ][cluster.routing.allocation.decider] [elasticsearch.domain.com] high disk watermark exceeded on one or more nodes, rerouting shards
[2015-05-01 11:55:27,605][WARN ][cluster.routing.allocation.decider] [elasticsearch.domain.com] high disk watermark [10%] exceeded on [J2ijfzGrQYGuE4wLebF1iw][elasticsearch.domain.com] free: 28.6gb[6.1%], shards will be relocated away from this node
[2015-05-01 11:55:57,605][WARN ][cluster.routing.allocation.decider] [elasticsearch.domain.com] high disk watermark [10%] exceeded on [J2ijfzGrQYGuE4wLebF1iw][elasticsearch.domain.com] free: 28.6gb[6.1%], shards will be relocated away from this node
[2015-05-01 11:56:27,606][WARN ][cluster.routing.allocation.decider] [elasticsearch.domain.com] high disk watermark [10%] exceeded on [J2ijfzGrQYGuE4wLebF1iw][elasticsearch.domain.com] free: 28.6gb[6.1%], shards will be relocated away from this node
[2015-05-01 11:56:27,608][INFO ][cluster.routing.allocation.decider] [elasticsearch.domain.com] high disk watermark exceeded on one or more nodes, rerouting shards
[2015-05-01 11:56:57,608][WARN ][cluster.routing.allocation.decider] [elasticsearch.domain.com] high disk watermark [10%] exceeded on [J2ijfzGrQYGuE4wLebF1iw][elasticsearch.domain.com] free: 28.6gb[6.1%], shards will be relocated away from this node
[2015-05-01 11:57:28,115][WARN ][cluster.routing.allocation.decider] [elasticsearch.domain.com] high disk watermark [10%] exceeded on [J2ijfzGrQYGuE4wLebF1iw][elasticsearch.domain.com] free: 28.6gb[6.1%], shards will be relocated away from this node
[2015-05-01 11:57:28,116][INFO ][cluster.routing.allocation.decider] [elasticsearch.domain.com] high disk watermark exceeded on one or more nodes, rerouting shards
[2015-05-01 11:57:58,841][WARN ][cluster.routing.allocation.decider] [elasticsearch.domain.com] high disk watermark [10%] exceeded on [J2ijfzGrQYGuE4wLebF1iw][elasticsearch.domain.com] free: 28.6gb[6.1%], shards will be relocated away from this node
[2015-05-01 11:58:28,955][WARN ][cluster.routing.allocation.decider] [elasticsearch.domain.com] high disk watermark [10%] exceeded on [J2ijfzGrQYGuE4wLebF1iw][elasticsearch.domain.com] free: 28.6gb[6.1%], shards will be relocated away from this node
[2015-05-01 11:58:28,957][INFO ][cluster.routing.allocation.decider] [elasticsearch.domain.com] high disk watermark exceeded on one or more nodes, rerouting shards
[2015-05-01 11:58:58,865][WARN ][cluster.routing.allocation.decider] [elasticsearch.domain.com] high disk watermark [10%] exceeded on [J2ijfzGrQYGuE4wLebF1iw][elasticsearch.domain.com] free: 28.6gb[6.1%], shards will be relocated away from this node
[2015-05-01 11:59:29,083][WARN ][cluster.routing.allocation.decider] [elasticsearch.domain.com] high disk watermark [10%] exceeded on [J2ijfzGrQYGuE4wLebF1iw][elasticsearch.domain.com] free: 28.6gb[6.1%], shards will be relocated away from this node
[2015-05-01 11:59:29,084][INFO ][cluster.routing.allocation.decider] [elasticsearch.domain.com] high disk watermark exceeded on one or more nodes, rerouting shards
[2015-05-01 11:59:58,847][WARN ][cluster.routing.allocation.decider] [elasticsearch.domain.com] high disk watermark [10%] exceeded on [J2ijfzGrQYGuE4wLebF1iw][elasticsearch.domain.com] free: 28.6gb[6.1%], shards will be relocated away from this node
[2015-05-01 12:00:28,934][WARN ][cluster.routing.allocation.decider] [elasticsearch.domain.com] high disk watermark [10%] exceeded on [J2ijfzGrQYGuE4wLebF1iw][elasticsearch.domain.com] free: 28.6gb[6.1%], shards will be relocated away from this node
[2015-05-01 12:00:58,920][WARN ][cluster.routing.allocation.decider] [elasticsearch.domain.com] high disk watermark [10%] exceeded on [J2ijfzGrQYGuE4wLebF1iw][elasticsearch.domain.com] free: 28.6gb[6.1%], shards will be relocated away from this node
[2015-05-01 12:00:58,921][INFO ][cluster.routing.allocation.decider] [elasticsearch.domain.com] high disk watermark exceeded on one or more nodes, rerouting shards
[2015-05-01 12:01:29,066][WARN ][cluster.routing.allocation.decider] [elasticsearch.domain.com] high disk watermark [10%] exceeded on [J2ijfzGrQYGuE4wLebF1iw][elasticsearch.domain.com] free: 28.6gb[6.1%], shards will be relocated away from this node
[2015-05-01 12:01:58,872][WARN ][cluster.routing.allocation.decider] [elasticsearch.domain.com] high disk watermark [10%] exceeded on [J2ijfzGrQYGuE4wLebF1iw][elasticsearch.domain.com] free: 28.6gb[6.1%], shards will be relocated away from this node
[2015-05-01 12:02:28,815][WARN ][cluster.routing.allocation.decider] [elasticsearch.domain.com] high disk watermark [10%] exceeded on [J2ijfzGrQYGuE4wLebF1iw][elasticsearch.domain.com] free: 28.6gb[6.1%], shards will be relocated away from this node
[2015-05-01 12:02:28,816][INFO ][cluster.routing.allocation.decider] [elasticsearch.domain.com] high disk watermark exceeded on one or more nodes, rerouting shards
[2015-05-01 12:02:58,864][WARN ][cluster.routing.allocation.decider] [elasticsearch.domain.com] high disk watermark [10%] exceeded on [J2ijfzGrQYGuE4wLebF1iw][elasticsearch.domain.com] free: 28.6gb[6.1%], shards will be relocated away from this node
[2015-05-01 12:03:28,729][WARN ][cluster.routing.allocation.decider] [elasticsearch.domain.com] high disk watermark [10%] exceeded on [J2ijfzGrQYGuE4wLebF1iw][elasticsearch.domain.com] free: 28.6gb[6.1%], shards will be relocated away from this node
[2015-05-01 12:03:58,749][WARN ][cluster.routing.allocation.decider] [elasticsearch.domain.com] high disk watermark [10%] exceeded on [J2ijfzGrQYGuE4wLebF1iw][elasticsearch.domain.com] free: 28.6gb[6.1%], shards will be relocated away from this node
[2015-05-01 12:03:58,749][INFO ][cluster.routing.allocation.decider] [elasticsearch.domain.com] high disk watermark exceeded on one or more nodes, rerouting shards
[2015-05-01 12:04:28,771][WARN ][cluster.routing.allocation.decider] [elasticsearch.domain.com] high disk watermark [10%] exceeded on [J2ijfzGrQYGuE4wLebF1iw][elasticsearch.domain.com] free: 28.6gb[6.1%], shards will be relocated away from this node
[2015-05-01 12:04:58,719][WARN ][cluster.routing.allocation.decider] [elasticsearch.domain.com] high disk watermark [10%] exceeded on [J2ijfzGrQYGuE4wLebF1iw][elasticsearch.domain.com] free: 28.6gb[6.1%], shards will be relocated away from this node
[2015-05-01 12:05:28,991][WARN ][cluster.routing.allocation.decider] [elasticsearch.domain.com] high disk watermark [10%] exceeded on [J2ijfzGrQYGuE4wLebF1iw][elasticsearch.domain.com] free: 28.6gb[6.1%], shards will be relocated away from this node
[2015-05-01 12:05:28,992][INFO ][cluster.routing.allocation.decider] [elasticsearch.domain.com] high disk watermark exceeded on one or more nodes, rerouting shards
[2015-05-01 12:05:58,891][WARN ][cluster.routing.allocation.decider] [elasticsearch.domain.com] high disk watermark [10%] exceeded on [J2ijfzGrQYGuE4wLebF1iw][elasticsearch.domain.com] free: 28.6gb[6.1%], shards will be relocated away from this node
[2015-05-01 12:06:28,699][WARN ][cluster.routing.allocation.decider] [elasticsearch.domain.com] high disk watermark [10%] exceeded on [J2ijfzGrQYGuE4wLebF1iw][elasticsearch.domain.com] free: 28.6gb[6.1%], shards will be relocated away from this node
[2015-05-01 12:06:57,639][WARN ][cluster.routing.allocation.decider] [elasticsearch.domain.com] high disk watermark [10%] exceeded on [J2ijfzGrQYGuE4wLebF1iw][elasticsearch.domain.com] free: 28.6gb[6.1%], shards will be relocated away from this node
[2015-05-01 12:06:57,639][INFO ][cluster.routing.allocation.decider] [elasticsearch.domain.com] high disk watermark exceeded on one or more nodes, rerouting shards
[2015-05-01 12:07:27,641][WARN ][cluster.routing.allocation.decider] [elasticsearch.domain.com] high disk watermark [10%] exceeded on [J2ijfzGrQYGuE4wLebF1iw][elasticsearch.domain.com] free: 28.6gb[6.1%], shards will be relocated away from this node
[2015-05-01 12:07:57,644][WARN ][cluster.routing.allocation.decider] [elasticsearch.domain.com] high disk watermark [10%] exceeded on [J2ijfzGrQYGuE4wLebF1iw][elasticsearch.domain.com] free: 28.6gb[6.1%], shards will be relocated away from this node
[2015-05-01 12:07:57,645][INFO ][cluster.routing.allocation.decider] [elasticsearch.domain.com] high disk watermark exceeded on one or more nodes, rerouting shards
[2015-05-01 12:08:10,563][INFO ][cluster.service          ] [elasticsearch.domain.com] removed {[logstash-8863ecbb442d-1-2010][94uOOw1uT6mBRoSuGdnB8Q][8863ecbb442d][inet[/172.17.0.216:9300]]{client=true, data=false},}, reason: zen-disco-node_failed([logstash-8863ecbb442d-1-2010][94uOOw1uT6mBRoSuGdnB8Q][8863ecbb442d][inet[/172.17.0.216:9300]]{client=true, data=false}), reason transport disconnected
[2015-05-01 12:08:37,011][INFO ][node                     ] [elasticsearch.domain.com] version[1.5.2], pid[1], build[62ff986/2015-04-27T09:21:06Z]
[2015-05-01 12:08:37,012][INFO ][node                     ] [elasticsearch.domain.com] initializing ...
[2015-05-01 12:08:37,027][INFO ][plugins                  ] [elasticsearch.domain.com] loaded [], sites []
[2015-05-01 12:08:46,800][INFO ][node                     ] [elasticsearch.domain.com] initialized
[2015-05-01 12:08:46,802][INFO ][node                     ] [elasticsearch.domain.com] starting ...
[2015-05-01 12:08:47,279][INFO ][transport                ] [elasticsearch.domain.com] bound_address {inet[/0:0:0:0:0:0:0:0:9300]}, publish_address {inet[/172.17.0.219:9300]}
[2015-05-01 12:08:47,343][INFO ][discovery                ] [elasticsearch.domain.com] elasticsearch/_Gyi5eemQq6jPqwAc6wUew
[2015-05-01 12:08:51,202][INFO ][cluster.service          ] [elasticsearch.domain.com] new_master [elasticsearch.domain.com][_Gyi5eemQq6jPqwAc6wUew][74e45ba04c59][inet[/172.17.0.219:9300]], reason: zen-disco-join (elected_as_master)
[2015-05-01 12:08:51,536][INFO ][http                     ] [elasticsearch.domain.com] bound_address {inet[/0:0:0:0:0:0:0:0:9200]}, publish_address {inet[/172.17.0.219:9200]}
[2015-05-01 12:08:51,537][INFO ][node                     ] [elasticsearch.domain.com] started
[2015-05-01 12:08:58,996][INFO ][gateway                  ] [elasticsearch.domain.com] recovered [3] indices into cluster_state
[2015-05-01 12:09:22,556][WARN ][cluster.routing.allocation.decider] [elasticsearch.domain.com] high disk watermark [10%] exceeded on [_Gyi5eemQq6jPqwAc6wUew][elasticsearch.domain.com] free: 28.6gb[6.1%], shards will be relocated away from this node
[2015-05-01 12:09:22,566][INFO ][cluster.routing.allocation.decider] [elasticsearch.domain.com] high disk watermark exceeded on one or more nodes, rerouting shards
[2015-05-01 12:09:41,278][INFO ][cluster.service          ] [elasticsearch.domain.com] added {[logstash-963f0d64dc4a-1-2010][XafMCvaZRtWLq0BXimaSqw][963f0d64dc4a][inet[/172.17.0.224:9300]]{client=true, data=false},}, reason: zen-disco-receive(join from node[[logstash-963f0d64dc4a-1-2010][XafMCvaZRtWLq0BXimaSqw][963f0d64dc4a][inet[/172.17.0.224:9300]]{client=true, data=false}])
[2015-05-01 12:09:55,605][WARN ][cluster.routing.allocation.decider] [elasticsearch.domain.com] high disk watermark [10%] exceeded on [_Gyi5eemQq6jPqwAc6wUew][elasticsearch.domain.com] free: 28.6gb[6.1%], shards will be relocated away from this node
[2015-05-01 12:10:25,219][WARN ][cluster.routing.allocation.decider] [elasticsearch.domain.com] high disk watermark [10%] exceeded on [_Gyi5eemQq6jPqwAc6wUew][elasticsearch.domain.com] free: 28.6gb[6.1%], shards will be relocated away from this node
[2015-05-01 12:10:25,222][INFO ][cluster.routing.allocation.decider] [elasticsearch.domain.com] high disk watermark exceeded on one or more nodes, rerouting shards
[2015-05-01 12:10:52,416][WARN ][cluster.routing.allocation.decider] [elasticsearch.domain.com] high disk watermark [10%] exceeded on [_Gyi5eemQq6jPqwAc6wUew][elasticsearch.domain.com] free: 28.6gb[6.1%], shards will be relocated away from this node
[2015-05-01 12:11:22,414][WARN ][cluster.routing.allocation.decider] [elasticsearch.domain.com] high disk watermark [10%] exceeded on [_Gyi5eemQq6jPqwAc6wUew][elasticsearch.domain.com] free: 28.6gb[6.1%], shards will be relocated away from this node
[2015-05-01 12:11:53,517][WARN ][cluster.routing.allocation.decider] [elasticsearch.domain.com] high disk watermark [10%] exceeded on [_Gyi5eemQq6jPqwAc6wUew][elasticsearch.domain.com] free: 28.6gb[6.1%], shards will be relocated away from this node
[2015-05-01 12:11:53,519][INFO ][cluster.routing.allocation.decider] [elasticsearch.domain.com] high disk watermark exceeded on one or more nodes, rerouting shards
[2015-05-01 12:12:23,481][WARN ][cluster.routing.allocation.decider] [elasticsearch.domain.com] high disk watermark [10%] exceeded on [_Gyi5eemQq6jPqwAc6wUew][elasticsearch.domain.com] free: 28.5gb[6.1%], shards will be relocated away from this node
[2015-05-01 12:12:53,483][WARN ][cluster.routing.allocation.decider] [elasticsearch.domain.com] high disk watermark [10%] exceeded on [_Gyi5eemQq6jPqwAc6wUew][elasticsearch.domain.com] free: 28.5gb[6.1%], shards will be relocated away from this node
[2015-05-01 12:13:23,488][WARN ][cluster.routing.allocation.decider] [elasticsearch.domain.com] high disk watermark [10%] exceeded on [_Gyi5eemQq6jPqwAc6wUew][elasticsearch.domain.com] free: 28.6gb[6.1%], shards will be relocated away from this node
[2015-05-01 12:13:23,489][INFO ][cluster.routing.allocation.decider] [elasticsearch.domain.com] high disk watermark exceeded on one or more nodes, rerouting shards
[2015-05-01 12:13:53,568][WARN ][cluster.routing.allocation.decider] [elasticsearch.domain.com] high disk watermark [10%] exceeded on [_Gyi5eemQq6jPqwAc6wUew][elasticsearch.domain.com] free: 28.6gb[6.1%], shards will be relocated away from this node
[2015-05-01 12:14:23,489][WARN ][cluster.routing.allocation.decider] [elasticsearch.domain.com] high disk watermark [10%] exceeded on [_Gyi5eemQq6jPqwAc6wUew][elasticsearch.domain.com] free: 28.5gb[6.1%], shards will be relocated away from this node
[2015-05-01 12:14:54,817][WARN ][cluster.routing.allocation.decider] [elasticsearch.domain.com] high disk watermark [10%] exceeded on [_Gyi5eemQq6jPqwAc6wUew][elasticsearch.domain.com] free: 28.5gb[6.1%], shards will be relocated away from this node
[2015-05-01 12:14:54,818][INFO ][cluster.routing.allocation.decider] [elasticsearch.domain.com] high disk watermark exceeded on one or more nodes, rerouting shards
[2015-05-01 12:15:23,722][WARN ][cluster.routing.allocation.decider] [elasticsearch.domain.com] high disk watermark [10%] exceeded on [_Gyi5eemQq6jPqwAc6wUew][elasticsearch.domain.com] free: 28.6gb[6.1%], shards will be relocated away from this node
[2015-05-01 12:15:53,562][WARN ][cluster.routing.allocation.decider] [elasticsearch.domain.com] high disk watermark [10%] exceeded on [_Gyi5eemQq6jPqwAc6wUew][elasticsearch.domain.com] free: 28.5gb[6.1%], shards will be relocated away from this node
[2015-05-01 12:16:24,746][WARN ][cluster.routing.allocation.decider] [elasticsearch.domain.com] high disk watermark [10%] exceeded on [_Gyi5eemQq6jPqwAc6wUew][elasticsearch.domain.com] free: 28.5gb[6.1%], shards will be relocated away from this node
[2015-05-01 12:16:24,747][INFO ][cluster.routing.allocation.decider] [elasticsearch.domain.com] high disk watermark exceeded on one or more nodes, rerouting shards
[2015-05-01 12:16:54,648][WARN ][cluster.routing.allocation.decider] [elasticsearch.domain.com] high disk watermark [10%] exceeded on [_Gyi5eemQq6jPqwAc6wUew][elasticsearch.domain.com] free: 28.5gb[6.1%], shards will be relocated away from this node
[2015-05-01 12:17:24,730][WARN ][cluster.routing.allocation.decider] [elasticsearch.domain.com] high disk watermark [10%] exceeded on [_Gyi5eemQq6jPqwAc6wUew][elasticsearch.domain.com] free: 28.5gb[6.1%], shards will be relocated away from this node
[2015-05-01 12:17:53,500][WARN ][cluster.routing.allocation.decider] [elasticsearch.domain.com] high disk watermark [10%] exceeded on [_Gyi5eemQq6jPqwAc6wUew][elasticsearch.domain.com] free: 28.5gb[6.1%], shards will be relocated away from this node
[2015-05-01 12:17:53,500][INFO ][cluster.routing.allocation.decider] [elasticsearch.domain.com] high disk watermark exceeded on one or more nodes, rerouting shards
[2015-05-01 12:18:24,791][WARN ][cluster.routing.allocation.decider] [elasticsearch.domain.com] high disk watermark [10%] exceeded on [_Gyi5eemQq6jPqwAc6wUew][elasticsearch.domain.com] free: 28.5gb[6.1%], shards will be relocated away from this node
[2015-05-01 12:18:50,006][INFO ][cluster.service          ] [elasticsearch.domain.com] removed {[logstash-963f0d64dc4a-1-2010][XafMCvaZRtWLq0BXimaSqw][963f0d64dc4a][inet[/172.17.0.224:9300]]{client=true, data=false},}, reason: zen-disco-node_failed([logstash-963f0d64dc4a-1-2010][XafMCvaZRtWLq0BXimaSqw][963f0d64dc4a][inet[/172.17.0.224:9300]]{client=true, data=false}), reason transport disconnected
